*WEATHER MODULE DAILY OUTPUT FILE

*DSSAT Cropping System Model Ver. 4.7.2.000 -release      OCT 15, 2021; 17:59:33
                                                                                
*RUN   1        :             CSM335_date_1 MZCER047 ITSA1301    1              
 MODEL          : MZCER047 - Maize                                              
 EXPERIMENT     : ITSA1301 SG CALIBRATION SETUP OF SORGHUM SOWING DATES         
 DATA PATH      :                                                               
 TREATMENT  1   :             CSM335_date_1 MZCER047                            
  
@YEAR DOY   DAS   PRED  DAYLD   TWLD   SRAD   PARD   CLDD   TMXD   TMND   TAVD   TDYD   TDWD   TGAD   TGRD   WDSD   CO2D   VPDF   VPD
 2014 175     1    0.0   12.6   13.5   19.9   39.8   0.33   31.8   24.2   27.9   29.2   15.4   27.9   29.2  190.9  398.5   0.00   0.00
 2014 176     2    0.0   12.6   13.5   21.7   43.4   0.27   33.8   25.2   29.4   30.9   16.4   29.4   30.9  190.3  398.5   0.00   0.00
 2014 177     3    0.0   12.6   13.5   21.0   42.0   0.29   34.4   26.5   30.4   31.7   17.8   30.4   31.7  190.6  398.5   0.00   0.00
 2014 178     4    4.4   12.6   13.5   20.7   41.4   0.30   33.5   24.1   28.7   30.3   15.6   28.7   30.3  190.5  398.5   0.00   0.00
 2014 179     5    0.0   12.6   13.5   25.3   50.6   0.15   33.6   23.8   28.6   30.3   15.3   28.6   30.3  190.0  398.5   0.00   0.00
 2014 180     6    0.9   12.6   13.5   21.7   43.4   0.27   34.3   25.4   29.7   31.3   16.8   29.7   31.3  187.9  398.5   0.00   0.00
 2014 181     7    0.0   12.6   13.5   24.0   48.0   0.19   33.5   24.9   29.1   30.6   16.4   29.1   30.6  188.1  398.5   0.00   0.00
 2014 182     8    3.0   12.6   13.5   19.2   38.4   0.35   35.0   25.3   30.0   31.7   16.7   30.0   31.7  189.2  398.5   0.00   0.00
 2014 183     9    0.0   12.6   13.5   16.3   32.6   0.45   31.8   25.0   28.3   29.5   16.5   28.3   29.5  189.6  398.5   0.00   0.00
 2014 184    10    0.0   12.6   13.5   19.5   39.0   0.34   34.5   25.8   30.0   31.5   17.3   30.0   31.5  188.5  398.5   0.00   0.00
 2014 185    11   10.4   12.6   13.5   21.2   42.4   0.28   31.7   22.9   27.2   28.7   14.6   27.2   28.7  186.1  398.5   0.00   0.00
 2014 186    12    0.0   12.6   13.5   20.3   40.6   0.31   31.7   24.5   28.0   29.2   16.2   28.0   29.2  184.2  398.5   0.00   0.00
 2014 187    13    0.0   12.6   13.5   16.0   32.0   0.46   30.5   24.8   27.6   28.6   16.6   27.6   28.6  183.4  398.5   0.00   0.00
 2014 188    14    0.0   12.6   13.5   13.9   27.8   0.53   30.9   22.6   26.6   28.1   14.5   26.6   28.1  183.4  398.5   0.00   0.00
 2014 189    15    0.0   12.6   13.5   17.6   35.2   0.41   31.4   24.2   27.7   28.9   16.1   27.7   28.9  184.3  398.5   0.00   0.00
 2014 190    16    0.0   12.6   13.5   17.0   34.0   0.43   31.4   24.5   27.9   29.0   16.5   27.9   29.0  183.5  398.5   0.00   0.00
 2014 191    17    0.1   12.6   13.5   24.0   48.0   0.19   34.6   25.5   29.9   31.5   17.5   29.9   31.5  181.5  398.5   0.00   0.00
 2014 192    18    0.0   12.6   13.5   20.2   40.4   0.32   33.7   26.5   30.0   31.2   18.6   30.0   31.2  179.7  398.5   0.00   0.00
 2014 193    19    0.0   12.6   13.5   18.6   37.2   0.37   33.9   26.2   30.0   31.3   18.4   30.0   31.3  179.9  398.5   0.00   0.00
 2014 194    20    0.4   12.6   13.5   17.3   34.6   0.42   32.8   26.1   29.4   30.5   18.3   29.4   30.5  180.7  398.5   0.00   0.00
 2014 195    21    0.0   12.6   13.5   18.6   37.2   0.37   33.2   25.3   29.1   30.5   17.7   29.1   30.5  181.1  398.5   0.00   0.00
 2014 196    22    0.3   12.6   13.5   25.0   50.0   0.16   35.7   24.6   30.0   31.9   17.1   30.0   31.9  180.8  398.7   0.00   0.00
 2014 197    23    0.0   12.6   13.5   18.0   36.0   0.39   33.7   25.5   29.5   30.9   18.0   29.5   30.9  179.9  398.7   0.00   0.00
 2014 198    24    0.1   12.6   13.5   15.4   30.8   0.48   32.0   25.4   28.6   29.7   18.0   28.6   29.7  178.8  398.7   0.00   0.00
 2014 199    25   14.0   12.6   13.4   12.9   25.8   0.57   28.6   23.5   26.0   26.9   16.3   26.0   26.9  176.1  398.7   0.00   0.00
 2014 200    26    0.0   12.6   13.4   22.0   44.0   0.26   32.7   23.2   27.8   29.4   16.0   27.8   29.4  175.9  398.7   0.00   0.00
 2014 201    27    0.0   12.6   13.4   20.9   41.8   0.30   33.5   26.4   29.9   31.1   19.2   29.9   31.1  175.8  398.7   0.00   0.00
 2014 202    28    0.0   12.5   13.4   19.5   39.0   0.34   33.2   26.6   29.8   30.9   19.5   29.8   30.9  174.2  398.7   0.00   0.00
 2014 203    29   28.4   12.5   13.4    8.4   16.8   0.72   29.5   21.5   25.4   26.8   14.8   25.4   26.8  171.8  398.7   0.00   0.00
 2014 204    30    0.0   12.5   13.4   17.3   34.6   0.42   30.4   21.0   25.6   27.2   14.4   25.6   27.2  168.6  398.7   0.00   0.00
 2014 205    31    0.0   12.5   13.4   18.6   37.2   0.37   31.3   23.6   27.3   28.7   16.9   27.3   28.7  167.8  398.7   0.00   0.00
 2014 206    32    0.1   12.5   13.4   14.9   29.8   0.50   29.7   25.3   27.4   28.2   18.6   27.4   28.2  167.1  398.7   0.00   0.00
 2014 207    33    2.3   12.5   13.4   15.5   31.0   0.48   30.8   24.6   27.6   28.7   18.0   27.6   28.7  166.2  398.7   0.00   0.00
 2014 208    34    0.0   12.5   13.4   22.5   45.0   0.24   33.8   23.2   28.4   30.1   16.8   28.4   30.1  163.9  398.7   0.00   0.00
 2014 209    35    0.6   12.5   13.4   16.2   32.4   0.46   32.4   26.8   29.5   30.5   20.3   29.5   30.5  163.8  398.7   0.00   0.00
 2014 210    36    0.1   12.5   13.4   12.4   24.8   0.58   31.6   25.4   28.4   29.5   19.0   28.4   29.5  162.9  398.7   0.00   0.00
 2014 211    37    8.5   12.5   13.4   22.9   45.8   0.23   34.4   25.2   29.7   31.2   18.9   29.7   31.2  161.7  398.7   0.00   0.00
 2014 212    38    3.3   12.5   13.4   16.7   33.4   0.44   32.3   25.1   28.6   29.8   18.8   28.6   29.8  160.0  398.7   0.00   0.00
 2014 213    39    0.0   12.5   13.3   16.5   33.0   0.45   31.8   26.0   28.8   29.8   19.7   28.8   29.8  159.9  398.7   0.00   0.00
 2014 214    40   20.2   12.5   13.3    7.7   15.4   0.74   29.3   24.2   26.7   27.5   18.1   26.7   27.5  160.1  398.7   0.00   0.00
 2014 215    41    0.8   12.5   13.3   13.3   26.6   0.55   30.0   24.3   27.1   28.0   18.2   27.1   28.0  159.3  398.7   0.00   0.00
 2014 216    42    0.0   12.5   13.3   18.0   36.0   0.40   30.1   25.1   27.5   28.4   19.0   27.5   28.4  158.0  398.7   0.00   0.00
 2014 217    43    0.0   12.4   13.3   17.8   35.6   0.40   30.5   24.4   27.4   28.4   18.4   27.4   28.4  155.9  398.7   0.00   0.00
 2014 218    44    0.0   12.4   13.3   16.2   32.4   0.46   30.2   22.8   26.4   27.6   16.9   26.4   27.6  154.0  398.7   0.00   0.00
 2014 219    45    0.6   12.4   13.3   19.6   39.2   0.34   32.2   23.9   27.9   29.3   18.0   27.9   29.3  152.7  398.7   0.00   0.00
 2014 220    46    1.0   12.4   13.3   12.8   25.6   0.57   29.4   25.8   27.5   28.2   19.9   27.5   28.2  151.3  398.7   0.00   0.00
 2014 221    47   11.3   12.4   13.3   10.7   21.4   0.64   28.3   24.9   26.5   27.1   19.1   26.5   27.1  148.6  398.7   0.00   0.00
 2014 222    48    0.0   12.4   13.3   20.1   40.2   0.32   30.1   22.9   26.4   27.6   17.2   26.4   27.6  147.3  398.7   0.00   0.00
 2014 223    49    0.0   12.4   13.3   19.7   39.4   0.34   30.9   24.1   27.4   28.5   18.4   27.4   28.5  144.5  398.7   0.00   0.00
 2014 224    50    3.7   12.4   13.2   11.6   23.2   0.61   30.5   24.2   27.2   28.3   18.5   27.2   28.3  143.3  398.7   0.00   0.00
 2014 225    51    0.0   12.4   13.2   17.3   34.6   0.42   29.1   22.4   25.6   26.8   16.8   25.6   26.8  142.4  398.7   0.00   0.00
 2014 226    52    0.0   12.4   13.2   15.6   31.2   0.47   29.6   24.0   26.7   27.6   18.3   26.7   27.6  140.7  398.7   0.00   0.00
 2014 227    53    1.9   12.4   13.2   12.8   25.6   0.57   28.5   24.1   26.2   27.0   18.5   26.2   27.0  138.4  398.8   0.00   0.00
 2014 228    54   15.7   12.4   13.2    8.1   16.2   0.73   26.2   23.8   25.0   25.4   18.2   25.0   25.4  138.4  398.8   0.00   0.00
 2014 229    55    0.0   12.3   13.2   20.7   41.4   0.30   29.6   23.5   26.4   27.5   17.9   26.4   27.5  137.6  398.8   0.00   0.00
 2014 230    56    1.1   12.3   13.2   12.0   24.0   0.60   28.5   23.9   26.1   26.9   18.3   26.1   26.9  136.1  398.8   0.00   0.00
 2014 231    57   16.2   12.3   13.2   17.0   34.0   0.43   32.3   22.8   27.4   29.0   17.3   27.4   29.0  135.8  398.8   0.00   0.00
 2014 232    58   45.7   12.3   13.2   24.3   48.6   0.18   31.3   22.4   26.7   28.2   16.9   26.7   28.2  134.8  398.8   0.00   0.00
 2014 233    59    0.0   12.3   13.2   20.7   41.4   0.30   30.7   26.5   28.5   29.2   20.8   28.5   29.2  133.5  398.8   0.00   0.00
 2014 234    60   38.1   12.3   13.1   12.2   24.4   0.59   28.7   21.2   24.8   26.1   15.8   24.8   26.1  132.4  398.8   0.00   0.00
 2014 235    61    0.4   12.3   13.1   16.8   33.6   0.43   29.7   21.6   25.5   26.9   16.2   25.5   26.9  131.6  398.8   0.00   0.00
 2014 236    62    1.0   12.3   13.1   20.4   40.8   0.31   31.5   24.7   28.0   29.1   19.1   28.0   29.1  130.4  398.8   0.00   0.00
 2014 237    63    0.0   12.3   13.1   24.9   49.8   0.16   32.5   25.1   28.7   29.9   19.5   28.7   29.9  131.3  398.8   0.00   0.00
 2014 238    64   28.2   12.3   13.1    9.5   19.0   0.68   28.3   21.8   24.9   26.0   16.3   24.9   26.0  130.8  398.8   0.00   0.00
 2014 239    65    0.0   12.2   13.1   21.3   42.6   0.28   31.4   22.8   26.9   28.4   17.3   26.9   28.4  128.6  398.8   0.00   0.00
 2014 240    66    0.0   12.2   13.1   24.3   48.6   0.18   33.0   25.4   29.1   30.3   19.7   29.1   30.3  127.2  398.8   0.00   0.00
 2014 241    67    0.0   12.2   13.1   24.7   49.4   0.16   33.3   25.6   29.3   30.6   19.9   29.3   30.6  126.1  398.8   0.00   0.00
 2014 242    68    0.0   12.2   13.1   21.6   43.2   0.27   33.1   26.4   29.6   30.7   20.7   29.6   30.7  125.7  398.8   0.00   0.00
 2014 243    69   15.9   12.2   13.0   14.7   29.4   0.50   31.7   25.0   28.2   29.3   19.3   28.2   29.3  125.1  398.8   0.00   0.00
 2014 244    70   26.3   12.2   13.0   18.2   36.4   0.38   31.3   22.7   26.8   28.3   17.1   26.8   28.3  126.3  398.8   0.00   0.00
 2014 245    71    0.2   12.2   13.0   11.8   23.6   0.60   31.3   22.6   26.8   28.2   17.0   26.8   28.2  124.7  398.8   0.00   0.00
 2014 246    72    3.1   12.2   13.0   14.0   28.0   0.52   36.6   24.2   30.2   32.2   18.5   30.2   32.2  123.5  398.8   0.00   0.00
 2014 247    73    0.0   12.2   13.0   24.6   49.2   0.16   33.7   23.5   28.4   30.1   17.8   28.4   30.1  121.9  398.8   0.00   0.00
 2014 248    74   37.0   12.2   13.0    7.6   15.2   0.74   31.5   23.3   27.2   28.6   17.6   27.2   28.6  122.0  398.8   0.00   0.00
 2014 249    75   11.2   12.2   13.0   19.0   38.0   0.35   33.2   25.0   28.9   30.3   19.2   28.9   30.3  122.6  398.8   0.00   0.00
 2014 250    76    0.0   12.1   13.0   17.2   34.4   0.41   29.1   26.0   27.5   28.0   20.1   27.5   28.0  121.7  398.8   0.00   0.00
 2014 251    77    0.0   12.1   13.0   21.8   43.6   0.25   32.4   23.9   28.0   29.4   18.0   28.0   29.4  122.1  398.8   0.00   0.00
 2014 252    78   29.0   12.1   13.0   19.8   39.6   0.32   33.2   23.4   28.1   29.7   17.5   28.1   29.7  121.1  398.8   0.00   0.00
 2014 253    79   18.6   12.1   12.9    9.4   18.8   0.68   28.5   22.8   25.5   26.5   16.9   25.5   26.5  121.3  398.8   0.00   0.00
 2014 254    80    0.0   12.1   12.9   22.3   44.6   0.23   33.6   23.5   28.3   30.0   17.5   28.3   30.0  119.8  398.8   0.00   0.00
 2014 255    81   12.7   12.1   12.9   13.1   26.2   0.55   32.6   23.4   27.8   29.3   17.3   27.8   29.3  120.3  398.8   0.00   0.00
 2014 256    82   17.9   12.1   12.9   24.6   49.2   0.15   33.0   24.9   28.8   30.1   18.7   28.8   30.1  122.5  398.8   0.00   0.00
 2014 257    83   10.7   12.1   12.9   10.3   20.6   0.64   34.4   23.1   28.5   30.4   17.0   28.5   30.4  124.0  398.8   0.00   0.00
 2014 258    84    6.9   12.1   12.9   23.5   47.0   0.18   32.5   25.5   28.9   30.0   19.2   28.9   30.0  124.1  399.0   0.00   0.00
 2014 259    85   56.6   12.0   12.9   12.2   24.4   0.58   31.6   23.3   27.3   28.6   17.1   27.3   28.6  122.4  399.0   0.00   0.00
 2014 260    86    3.2   12.0   12.9   11.4   22.8   0.60   27.8   24.2   25.9   26.5   17.9   25.9   26.5  123.8  399.0   0.00   0.00
 2014 261    87   11.7   12.0   12.9   14.8   29.6   0.48   30.6   23.6   27.0   28.1   17.4   27.0   28.1  124.9  399.0   0.00   0.00
 2014 262    88    0.1   12.0   12.8   23.7   47.4   0.17   31.8   24.5   28.0   29.2   18.2   28.0   29.2  126.5  399.0   0.00   0.00
 2014 263    89    6.2   12.0   12.8   22.0   44.0   0.23   32.1   24.9   28.3   29.5   18.5   28.3   29.5  128.4  399.0   0.00   0.00
 2014 264    90    5.0   12.0   12.8   21.1   42.2   0.26   34.3   26.5   30.2   31.8   19.9   30.2   31.8  130.0  399.0   0.00   0.00
 2014 265    91    0.1   12.0   12.8   21.9   43.8   0.23   33.4   25.2   29.1   30.8   18.7   29.1   30.8  131.8  399.0   0.00   0.00
 2014 266    92    7.3   12.0   12.8   20.9   41.8   0.26   33.8   26.5   30.0   31.5   19.9   30.0   31.5  132.4  399.0   0.00   0.00
 2014 267    93    0.0   12.0   12.8   25.1   50.2   0.11   33.8   26.0   29.7   31.3   19.4   29.7   31.3  132.6  399.0   0.00   0.00
 2014 268    94    0.1   12.0   12.8   23.8   47.6   0.16   33.7   25.6   29.5   31.1   18.9   29.5   31.1  133.5  399.0   0.00   0.00
 2014 269    95    0.0   11.9   12.8   23.3   46.6   0.17   34.8   23.9   29.1   31.3   17.3   29.1   31.3  136.7  399.0   0.00   0.00
 2014 270    96   30.7   11.9   12.8    8.6   17.2   0.69   30.2   20.3   25.0   27.0   13.9   25.0   27.0  137.0  399.0   0.00   0.00
 2014 271    97    0.2   11.9   12.8   23.8   47.6   0.15   32.7   23.0   27.6   29.6   16.4   27.6   29.6  135.4  399.0   0.00   0.00
 2014 272    98    0.1   11.9   12.7   24.1   48.2   0.14   34.6   25.8   30.0   31.8   19.1   30.0   31.8  135.5  399.0   0.00   0.00
 2014 273    99   52.4   11.9   12.7   18.0   36.0   0.35   33.2   22.7   27.7   29.8   16.1   27.7   29.8  135.5  399.0   0.00   0.00
 2014 274   100    4.6   11.9   12.7   15.7   31.4   0.43   33.7   23.2   28.2   30.3   16.6   28.2   30.3  133.0  399.0   0.00   0.00
 2014 275   101    4.4   11.9   12.7   20.3   40.6   0.27   34.9   24.4   29.4   31.5   17.7   29.4   31.5  131.4  399.0   0.00   0.00
 2014 276   102    1.7   11.9   12.7   20.0   40.0   0.28   35.0   25.7   30.1   32.0   18.9   30.1   32.0  131.1  399.0   0.00   0.00
 2014 277   103    0.1   11.9   12.7   20.8   41.6   0.24   33.1   24.6   28.6   30.4   17.8   28.6   30.4  131.6  399.0   0.00   0.00
 2014 278   104    8.2   11.9   12.7   17.3   34.6   0.37   33.5   25.7   29.4   31.0   18.8   29.4   31.0  130.5  399.0   0.00   0.00
 2014 279   105    5.0   11.8   12.7   21.9   43.8   0.20   35.5   26.5   30.8   32.6   19.4   30.8   32.6  129.5  399.0   0.00   0.00
 2014 280   106    0.0   11.8   12.7   17.6   35.2   0.36   35.8   27.5   31.5   33.1   20.3   31.5   33.1  128.8  399.0   0.00   0.00
 2014 281   107    0.0   11.8   12.7   25.1   50.2   0.08   35.0   24.9   29.7   31.7   17.8   29.7   31.7  130.4  399.0   0.00   0.00
 2014 282   108    0.0   11.8   12.6   25.4   50.8   0.06   36.1   25.8   30.7   32.8   18.5   30.7   32.8  129.7  399.0   0.00   0.00
 2014 283   109    0.0   11.8   12.6   23.1   46.2   0.15   35.6   25.7   30.4   32.4   18.4   30.4   32.4  129.0  399.0   0.00   0.00
 2014 284   110    0.0   11.8   12.6   15.9   31.8   0.41   32.9   26.9   29.8   30.9   19.4   29.8   30.9  130.8  399.0   0.00   0.00
 2014 285   111    0.0   11.8   12.6   12.7   25.4   0.53   31.8   26.0   28.8   29.9   18.5   28.8   29.9  131.6  399.0   0.00   0.00
 2014 286   112    2.7   11.8   12.6   20.5   41.0   0.24   37.1   23.9   30.2   32.8   16.4   30.2   32.8  131.9  399.0   0.00   0.00
 2014 287   113    0.0   11.8   12.6   23.5   47.0   0.12   35.7   23.9   29.5   31.9   16.3   29.5   31.9  131.9  399.0   0.00   0.00
 2014 288   114    0.0   11.8   12.6   24.9   49.8   0.07   36.4   26.3   31.1   33.1   18.4   31.1   33.1  132.1  399.2   0.00   0.00
 2014 289   115    0.0   11.7   12.6   23.5   47.0   0.12   35.6   27.5   31.3   33.0   19.5   31.3   33.0  132.7  399.2   0.00   0.00
 2014 290   116    0.0   11.7   12.6   24.0   48.0   0.09   35.6   25.7   30.4   32.4   17.7   30.4   32.4  133.1  399.2   0.00   0.00
 2014 291   117    0.0   11.7   12.6   21.6   43.2   0.18   36.7   22.8   29.4   32.2   14.8   29.4   32.2  132.7  399.2   0.00   0.00
 2014 292   118    0.0   11.7   12.6   19.8   39.6   0.25   35.4   24.2   29.5   31.7   16.0   29.5   31.7  132.5  399.2   0.00   0.00
 2014 293   119    0.0   11.7   12.5   22.4   44.8   0.15   36.7   23.4   29.7   32.3   15.0   29.7   32.3  132.4  399.2   0.00   0.00
 2014 294   120    0.0   11.7   12.5   23.7   47.4   0.09   38.1   23.4   30.4   33.3   14.9   30.4   33.3  131.2  399.2   0.00   0.00
 2014 295   121    0.0   11.7   12.5   23.5   47.0   0.10   39.7   21.7   30.2   33.8   13.0   30.2   33.8  130.0  399.2   0.00   0.00
 2014 296   122    0.0   11.7   12.5   22.7   45.4   0.13   39.2   24.9   31.7   34.5   15.8   31.7   34.5  127.8  399.2   0.00   0.00
 2014 297   123    0.2   11.7   12.5   22.3   44.6   0.14   40.7   24.3   32.1   35.3   15.1   32.1   35.3  125.9  399.2   0.00   0.00
 2014 298   124    0.0   11.7   12.5   21.5   43.0   0.17   40.5   23.3   31.5   34.8   14.1   31.5   34.8  124.8  399.2   0.00   0.00
 2014 299   125    0.0   11.7   12.5   20.0   40.0   0.22   38.6   25.2   31.5   34.2   15.7   31.5   34.2  123.2  399.2   0.00   0.00
 2014 300   126    0.0   11.6   12.5   21.6   43.2   0.16   38.7   24.3   31.1   34.0   14.6   31.1   34.0  122.5  399.2   0.00   0.00
 2014 301   127    0.0   11.6   12.5   22.2   44.4   0.13   39.6   23.2   31.0   34.2   13.2   31.0   34.2  121.8  399.2   0.00   0.00
 2014 302   128    0.0   11.6   12.5   22.3   44.6   0.12   40.1   24.9   32.1   35.1   14.6   32.1   35.1  121.5  399.2   0.00   0.00
 2014 303   129    0.0   11.6   12.5   22.2   44.4   0.13   40.8   22.5   31.2   34.8   12.2   31.2   34.8  120.9  399.2   0.00   0.00
 2014 304   130    0.0   11.6   12.5   22.3   44.6   0.12   38.8   25.4   31.7   34.4   14.7   31.7   34.4  121.2  399.2   0.00   0.00
 2014 305   131    0.0   11.6   12.5   22.7   45.4   0.10   39.5   25.7   32.2   34.9   14.8   32.2   34.9  121.9  399.2   0.00   0.00
 2014 306   132    0.0   11.6   12.4   21.0   42.0   0.17   40.6   23.8   31.7   35.0   12.7   31.7   35.0  122.9  399.2   0.00   0.00
 2014 307   133    0.0   11.6   12.4   19.3   38.6   0.23   40.4   25.3   32.4   35.4   13.7   32.4   35.4  123.6  399.2   0.00   0.00
 2014 308   134    0.3   11.6   12.4   21.1   42.2   0.16   40.7   25.3   32.6   35.6   13.3   32.6   35.6  125.2  399.2   0.00   0.00
 2014 309   135    0.0   11.6   12.4   12.2   24.4   0.51   33.3   26.0   29.5   30.9   13.7   29.5   30.9  126.2  399.2   0.00   0.00
 2014 310   136    5.1   11.6   12.4   15.3   30.6   0.38   35.9   22.3   28.7   31.4   10.0   28.7   31.4  127.3  399.2   0.00   0.00
 2014 311   137    0.0   11.6   12.4   19.1   38.2   0.23   38.7   21.5   29.6   33.0    9.1   29.6   33.0  129.0  399.2   0.00   0.00
 2014 312   138    0.0   11.5   12.4   21.1   42.2   0.14   39.4   20.8   29.6   33.2    8.1   29.6   33.2  130.2  399.2   0.00   0.00
 2014 313   139    0.0   11.5   12.4   19.9   39.8   0.19   39.6   22.6   30.6   34.0    9.3   30.6   34.0  132.3  399.2   0.00   0.00
 2014 314   140    0.0   11.5   12.4   20.8   41.6   0.15   37.3   24.1   30.3   32.9   10.2   30.3   32.9  133.5  399.2   0.00   0.00
 2014 315   141    0.0   11.5   12.4   20.2   40.4   0.17   38.2   24.5   31.0   33.6   10.2   31.0   33.6  134.6  399.2   0.00   0.00
 2014 316   142    0.0   11.5   12.4   20.1   40.2   0.18   37.5   22.8   29.7   32.6    8.4   29.7   32.6  135.2  399.2   0.00   0.00
 2014 317   143    0.0   11.5   12.4   18.0   36.0   0.26   38.8   23.2   30.6   33.6    8.4   30.6   33.6  136.5  399.2   0.00   0.00
 2014 318   144    0.0   11.5   12.4   20.0   40.0   0.17   38.6   22.7   30.2   33.3    7.5   30.2   33.3  137.0  399.2   0.00   0.00
 2014 319   145    0.0   11.5   12.4   20.2   40.4   0.16   39.1   22.3   30.2   33.5    6.8   30.2   33.5  138.1  399.3   0.00   0.00
 2014 320   146    0.0   11.5   12.4   20.0   40.0   0.17   39.0   21.4   29.7   33.1    5.7   29.7   33.1  139.4  399.3   0.00   0.00
 2014 321   147    0.0   11.5   12.4   20.5   41.0   0.15   39.0   21.3   29.6   33.1    5.2   29.6   33.1  138.9  399.3   0.00   0.00
 2014 322   148    0.0   11.5   12.3   20.2   40.4   0.16   38.1   22.4   29.8   32.9    5.8   29.8   32.9  139.0  399.3   0.00   0.00
 2014 323   149    0.0   11.5   12.3   19.1   38.2   0.20   38.0   22.7   29.9   32.9    5.8   29.9   32.9  140.8  399.3   0.00   0.00
 2014 324   150    0.0   11.5   12.3   18.5   37.0   0.22   38.6   22.3   30.0   33.2    5.0   30.0   33.2  141.8  399.3   0.00   0.00
 2014 325   151    0.0   11.5   12.3   19.8   39.6   0.17   37.8   19.2   28.0   31.6    2.1   28.0   31.6  143.1  399.3   0.00   0.00
 2014 326   152    0.0   11.5   12.3   19.9   39.8   0.16   38.7   17.9   27.7   31.7    0.9   27.7   31.7  144.0  399.3   0.00   0.00
 2014 327   153    0.0   11.4   12.3   20.1   40.2   0.15   38.0   18.6   27.7   31.5    1.3   27.7   31.5  143.5  399.3   0.00   0.00
 2014 328   154    0.0   11.4   12.3   18.4   36.8   0.22   37.6   20.5   28.6   31.9    2.8   28.6   31.9  144.0  399.3   0.00   0.00
 2014 329   155    0.0   11.4   12.3   18.1   36.2   0.23   38.5   21.6   29.6   32.8    3.5   29.6   32.8  145.7  399.3   0.00   0.00
 2014 330   156    0.0   11.4   12.3   18.5   37.0   0.21   36.9   19.6   27.7   31.1    1.7   27.7   31.1  145.9  399.3   0.00   0.00
