*WEATHER MODULE DAILY OUTPUT FILE

*DSSAT Cropping System Model Ver. 4.7.2.000 -release      OCT 15, 2021; 17:59:35
                                                                                
*RUN   1        :             CSM335_date_1 MZCER047 ITSA1301    1              
 MODEL          : MZCER047 - Maize                                              
 EXPERIMENT     : ITSA1301 SG CALIBRATION SETUP OF SORGHUM SOWING DATES         
 DATA PATH      :                                                               
 TREATMENT  1   :             CSM335_date_1 MZCER047                            
  
@YEAR DOY   DAS   PRED  DAYLD   TWLD   SRAD   PARD   CLDD   TMXD   TMND   TAVD   TDYD   TDWD   TGAD   TGRD   WDSD   CO2D   VPDF   VPD
 2014 281     1    0.0   12.0   12.8   15.1   30.3   0.48   29.4   18.7   23.8   25.6   13.4   23.8   25.6   31.3  399.0   0.00   0.00
 2014 282     2    2.0   12.0   12.8   21.6   43.2   0.25   31.1   16.5   23.5   25.9   11.8   23.5   25.9   26.3  399.0   0.00   0.00
 2014 283     3    0.8   12.0   12.8   21.4   42.8   0.26   33.0   16.4   24.3   27.1   11.4   24.3   27.1   22.0  399.0   0.00   0.00
 2014 284     4    0.0   12.0   12.9   24.4   48.9   0.16   31.9   18.2   24.8   27.0    9.9   24.8   27.0   36.4  399.0   0.00   0.00
 2014 285     5    0.0   12.0   12.9   22.4   44.8   0.23   29.7   16.9   23.0   25.1    6.3   23.0   25.1   26.6  399.0   0.00   0.00
 2014 286     6    0.0   12.0   12.9   20.2   40.5   0.30   32.7   15.7   23.8   26.6    7.3   23.8   26.6   22.0  399.0   0.00   0.00
 2014 287     7    0.0   12.1   12.9   17.5   34.9   0.40   32.0   18.7   25.1   27.2   11.9   25.1   27.2   27.0  399.0   0.00   0.00
 2014 288     8    5.0   12.1   12.9   15.4   30.7   0.47   32.3   17.8   24.7   27.1   14.0   24.7   27.1   29.5  399.2   0.00   0.00
 2014 289     9    0.0   12.1   12.9   18.9   37.9   0.34   28.9   16.2   22.3   24.4   12.0   22.3   24.4   34.2  399.2   0.00   0.00
 2014 290    10   12.6   12.1   12.9   21.9   43.9   0.24   31.6   16.9   23.9   26.3   11.6   23.9   26.3   42.8  399.2   0.00   0.00
 2014 291    11    0.2   12.1   12.9   18.3   36.5   0.37   30.1   17.7   23.6   25.7   14.5   23.6   25.7   41.0  399.2   0.00   0.00
 2014 292    12   21.2   12.1   12.9   11.7   23.4   0.59   27.8   17.1   22.2   24.0   14.5   22.2   24.0   13.7  399.2   0.00   0.00
 2014 293    13   31.0   12.1   12.9    6.8   13.7   0.76   22.4   16.4   19.3   20.3   15.1   19.3   20.3   12.2  399.2   0.00   0.00
 2014 294    14    0.2   12.1   12.9   15.0   30.0   0.48   26.9   16.1   21.3   23.0   13.1   21.3   23.0    4.3  399.2   0.00   0.00
 2014 295    15    0.2   12.1   12.9   15.6   31.3   0.45   28.6   19.1   23.7   25.2   16.0   23.7   25.2   13.7  399.2   0.00   0.00
 2014 296    16    3.6   12.1   12.9   10.1   20.3   0.65   27.2   18.1   22.5   24.0   16.1   22.5   24.0    8.6  399.2   0.00   0.00
 2014 297    17    0.6   12.1   12.9   14.8   29.6   0.48   28.6   16.8   22.5   24.4   14.7   22.5   24.4   10.4  399.2   0.00   0.00
 2014 298    18    0.2   12.1   12.9   18.4   36.7   0.36   28.4   16.8   22.4   24.3   13.3   22.4   24.3   22.3  399.2   0.00   0.00
 2014 299    19    0.0   12.1   12.9   19.0   38.0   0.34   31.2   16.8   23.7   26.1   13.2   23.7   26.1   17.7  399.2   0.00   0.00
 2014 300    20    7.8   12.1   12.9   17.6   35.3   0.38   29.5   17.3   23.1   25.1   13.7   23.1   25.1   19.8  399.2   0.00   0.00
 2014 301    21    0.2   12.1   12.9   21.3   42.6   0.25   30.6   16.7   23.4   25.6   12.2   23.4   25.6   13.0  399.2   0.00   0.00
 2014 302    22    0.0   12.1   12.9   21.9   43.7   0.23   31.9   17.3   24.3   26.7   11.9   24.3   26.7   28.4  399.2   0.00   0.00
 2014 303    23   19.8   12.1   12.9    7.8   15.5   0.73   25.1   18.2   21.5   22.6   15.8   21.5   22.6   11.5  399.2   0.00   0.00
 2014 304    24    1.0   12.1   12.9   17.0   34.1   0.40   29.4   16.9   22.9   24.9   14.0   22.9   24.9   15.1  399.2   0.00   0.00
 2014 305    25    2.8   12.1   12.9   13.7   27.3   0.52   28.6   16.3   22.2   24.2   13.7   22.2   24.2   10.4  399.2   0.00   0.00
 2014 306    26   14.4   12.1   12.9   14.7   29.4   0.48   28.8   16.9   22.6   24.6   13.9   22.6   24.6    6.1  399.2   0.00   0.00
 2014 307    27    0.2   12.1   12.9   11.3   22.6   0.60   23.1   16.7   19.8   20.8   14.4   19.8   20.8   16.9  399.2   0.00   0.00
 2014 308    28    3.2   12.1   12.9   19.8   39.6   0.30   30.2   17.1   23.4   25.5   14.3   23.4   25.5   12.2  399.2   0.00   0.00
 2014 309    29    0.0   12.1   12.9   20.5   41.1   0.27   31.1   16.7   23.6   26.0   12.0   23.6   26.0   22.0  399.2   0.00   0.00
 2014 310    30    0.0   12.1   12.9   14.8   29.6   0.48   29.1   18.9   23.8   25.5   14.0   23.8   25.5   13.7  399.2   0.00   0.00
 2014 311    31   16.4   12.1   12.9    9.9   19.8   0.65   27.8   17.2   22.3   24.0   15.1   22.3   24.0   15.1  399.2   0.00   0.00
 2014 312    32    1.2   12.1   12.9   18.1   36.2   0.36   27.8   15.9   21.6   23.6   13.9   21.6   23.6   10.8  399.2   0.00   0.00
 2014 313    33    0.0   12.1   12.9   20.9   41.7   0.26   29.9   16.7   23.0   25.2   12.5   23.0   25.2   13.0  399.2   0.00   0.00
 2014 314    34   21.2   12.1   12.9   11.5   22.9   0.59   28.9   16.6   22.5   24.5   14.4   22.5   24.5   11.9  399.2   0.00   0.00
 2014 315    35   10.2   12.1   12.9   12.2   24.4   0.57   24.9   16.7   20.6   22.0   14.7   20.6   22.0    7.6  399.2   0.00   0.00
 2014 316    36   11.0   12.1   12.9   17.6   35.3   0.37   27.7   16.2   21.7   23.6   13.7   21.7   23.6   10.1  399.2   0.00   0.00
 2014 317    37    4.0   12.1   12.9   13.3   26.6   0.53   25.8   17.3   21.4   22.8   15.1   21.4   22.8    9.4  399.2   0.00   0.00
 2014 318    38   11.2   12.1   13.0   12.0   24.0   0.57   25.2   16.7   20.8   22.2   14.8   20.8   22.2   13.7  399.2   0.00   0.00
 2014 319    39    1.2   12.1   13.0   11.5   23.0   0.59   27.3   17.4   22.2   23.8   15.3   22.2   23.8   10.8  399.3   0.00   0.00
 2014 320    40    0.0   12.1   13.0   13.9   27.8   0.50   27.2   16.3   21.5   23.3   14.2   21.5   23.3   18.4  399.3   0.00   0.00
 2014 321    41    0.0   12.1   13.0   20.3   40.6   0.27   27.9   15.8   21.6   23.6   12.5   21.6   23.6   15.5  399.3   0.00   0.00
 2014 322    42    8.0   12.1   13.0   11.4   22.7   0.59   28.1   17.4   22.5   24.3   15.3   22.5   24.3   13.7  399.3   0.00   0.00
 2014 323    43    0.6   12.1   13.0    8.1   16.1   0.71   24.6   18.2   21.3   22.3   15.7   21.3   22.3    1.4  399.3   0.00   0.00
 2014 324    44    9.4   12.1   13.0   11.1   22.1   0.60   25.1   16.1   20.4   21.9   13.5   20.4   21.9    1.4  399.3   0.00   0.00
 2014 325    45    0.2   12.1   13.0   12.8   25.7   0.54   25.7   16.3   20.8   22.4   13.4   20.8   22.4    8.6  399.3   0.00   0.00
 2014 326    46    0.0   12.1   13.0   19.7   39.4   0.29   28.6   16.5   22.3   24.3   12.8   22.3   24.3   10.4  399.3   0.00   0.00
 2014 327    47    0.0   12.1   13.0   14.8   29.5   0.47   28.3   17.0   22.4   24.3   13.4   22.4   24.3   11.9  399.3   0.00   0.00
 2014 328    48    0.2   12.1   13.0   20.3   40.6   0.27   29.4   16.4   22.6   24.8   12.6   22.6   24.8   16.9  399.3   0.00   0.00
 2014 329    49    6.2   12.1   13.0   16.1   32.2   0.42   31.6   17.7   24.4   26.7   14.8   24.4   26.7   13.3  399.3   0.00   0.00
 2014 330    50    0.4   12.1   13.0   11.3   22.7   0.59   24.8   16.6   20.5   21.9   14.4   20.5   21.9   19.4  399.3   0.00   0.00
 2014 331    51    0.4   12.1   13.0    9.9   19.8   0.64   25.3   15.7   20.3   21.9   13.9   20.3   21.9   18.4  399.3   0.00   0.00
 2014 332    52    0.0   12.1   13.0   13.4   26.9   0.51   27.4   17.6   22.3   23.9   14.4   22.3   23.9    7.2  399.3   0.00   0.00
 2014 333    53   27.0   12.1   13.0   14.5   29.1   0.47   27.4   16.4   21.7   23.5   14.4   21.7   23.5   25.6  399.3   0.00   0.00
 2014 334    54    0.0   12.1   13.0    7.8   15.6   0.72   24.6   17.6   21.0   22.1   15.3   21.0   22.1    7.2  399.3   0.00   0.00
 2014 335    55    0.0   12.1   13.0   19.6   39.2   0.29   29.5   16.7   22.8   25.0   13.2   22.8   25.0   19.8  399.3   0.00   0.00
 2014 336    56    0.0   12.1   13.0   12.3   24.6   0.55   26.6   18.3   22.3   23.7   14.9   22.3   23.7   25.6  399.3   0.00   0.00
 2014 337    57   10.0   12.1   13.0    8.3   16.7   0.70   24.3   17.4   20.7   21.8   15.7   20.7   21.8    8.6  399.3   0.00   0.00
 2014 338    58    1.6   12.1   13.0    9.8   19.6   0.64   24.9   17.7   21.2   22.3   16.2   21.2   22.3    7.2  399.3   0.00   0.00
 2014 339    59    0.8   12.1   13.0   20.9   41.8   0.24   27.6   17.1   22.1   23.9   14.4   22.1   23.9   10.1  399.3   0.00   0.00
 2014 340    60    0.0   12.1   13.0   22.6   45.2   0.18   31.1   16.7   23.6   26.0   12.2   23.6   26.0   10.1  399.3   0.00   0.00
 2014 341    61    0.2   12.1   13.0   19.5   39.0   0.29   30.8   16.7   23.5   25.8   12.7   23.5   25.8   16.6  399.3   0.00   0.00
 2014 342    62    0.0   12.1   13.0   21.8   43.5   0.21   30.8   17.8   24.0   26.2   13.5   24.0   26.2   24.5  399.3   0.00   0.00
 2014 343    63    4.2   12.1   13.0   19.8   39.7   0.28   29.0   17.4   23.0   24.9   14.2   23.0   24.9   20.5  399.3   0.00   0.00
 2014 344    64    6.6   12.1   13.0   11.3   22.6   0.59   24.7   17.5   21.0   22.1   15.3   21.0   22.1   10.1  399.3   0.00   0.00
 2014 345    65    0.2   12.1   13.0   19.2   38.4   0.30   28.8   16.7   22.5   24.5   13.6   22.5   24.5   11.9  399.3   0.00   0.00
 2014 346    66    0.0   12.1   13.0   13.4   26.9   0.51   28.0   18.2   22.9   24.5   14.5   22.9   24.5   10.4  399.3   0.00   0.00
 2014 347    67    0.0   12.1   13.0   22.1   44.2   0.19   31.8   16.9   24.1   26.5   12.3   24.1   26.5   15.1  399.3   0.00   0.00
 2014 348    68    0.0   12.1   13.0   17.5   34.9   0.36   29.5   18.2   23.6   25.5   13.4   23.6   25.5   15.5  399.3   0.00   0.00
 2014 349    69    0.0   12.1   13.0   18.0   36.1   0.34   29.5   17.3   23.2   25.2   12.1   23.2   25.2   16.6  399.5   0.00   0.00
 2014 350    70    0.0   12.1   13.0   14.3   28.6   0.48   28.5   17.2   22.6   24.5   13.2   22.6   24.5   23.8  399.5   0.00   0.00
 2014 351    71    0.4   12.1   13.0   15.2   30.5   0.44   29.7   17.4   23.3   25.3   13.2   23.3   25.3   31.0  399.5   0.00   0.00
 2014 352    72    0.0   12.1   13.0   14.9   29.8   0.45   28.4   16.9   22.4   24.3   13.6   22.4   24.3   24.5  399.5   0.00   0.00
 2014 353    73    0.0   12.1   13.0   19.8   39.6   0.27   30.3   15.9   22.8   25.2   11.9   22.8   25.2   19.8  399.5   0.00   0.00
 2014 354    74    5.6   12.1   13.0   17.6   35.1   0.36   29.4   17.1   23.0   25.0   13.8   23.0   25.0   29.9  399.5   0.00   0.00
 2014 355    75    0.0   12.1   13.0   17.8   35.7   0.35   28.7   17.1   22.7   24.6   13.7   22.7   24.6   19.8  399.5   0.00   0.00
 2014 356    76    0.2   12.1   13.0   12.8   25.5   0.53   28.6   18.7   23.5   25.1   14.5   23.5   25.1   12.2  399.5   0.00   0.00
 2014 357    77    0.0   12.1   13.0   13.0   26.0   0.52   28.4   16.8   22.4   24.3   13.5   22.4   24.3   11.9  399.5   0.00   0.00
 2014 358    78    0.0   12.1   13.0   11.0   22.0   0.60   28.2   18.1   23.0   24.6   15.2   23.0   24.6   21.2  399.5   0.00   0.00
 2014 359    79    1.6   12.1   13.0    5.9   11.7   0.79   25.2   17.8   21.4   22.6   16.0   21.4   22.6    9.4  399.5   0.00   0.00
 2014 360    80    0.0   12.1   13.0   12.1   24.1   0.56   29.6   17.1   23.1   25.2   14.2   23.1   25.2   14.0  399.5   0.00   0.00
 2014 361    81    0.0   12.1   13.0   20.8   41.6   0.24   31.3   17.4   24.1   26.4   13.0   24.1   26.4   31.7  399.5   0.00   0.00
 2014 362    82    0.0   12.1   13.0   16.1   32.2   0.41   30.6   17.9   24.0   26.1   13.8   24.0   26.1   25.2  399.5   0.00   0.00
 2014 363    83    0.0   12.1   13.0   17.4   34.7   0.37   30.4   17.2   23.5   25.7   12.7   23.5   25.7   25.2  399.5   0.00   0.00
 2014 364    84    0.0   12.1   13.0   12.9   25.8   0.53   30.1   18.3   24.0   25.9   14.0   24.0   25.9   26.6  399.5   0.00   0.00
 2014 365    85    0.2   12.1   13.0   16.8   33.5   0.39   30.3   18.2   24.0   26.0   12.7   24.0   26.0   21.6  399.5   0.00   0.00
 2015 001    86    0.0   12.1   13.0   15.3   30.6   0.44   29.3   18.3   23.6   25.4   12.8   23.6   25.4   22.0  399.5   0.00   0.00
 2015 002    87    0.0   12.1   13.0   19.6   39.2   0.28   31.3   17.3   24.0   26.3   10.7   24.0   26.3   27.0  399.5   0.00   0.00
 2015 003    88    0.0   12.1   13.0   17.8   35.7   0.35   31.8   17.7   24.5   26.8   10.7   24.5   26.8   26.3  399.5   0.00   0.00
 2015 004    89    2.8   12.1   13.0   17.7   35.5   0.35   31.3   16.8   23.8   26.2   10.6   23.8   26.2   25.2  399.5   0.00   0.00
 2015 005    90    0.0   12.1   13.0   16.8   33.5   0.39   31.1   17.4   24.0   26.2   11.6   24.0   26.2   21.6  399.5   0.00   0.00
 2015 006    91    0.0   12.1   13.0    7.3   14.7   0.73   25.9   19.4   22.5   23.6   14.2   22.5   23.6   18.4  399.5   0.00   0.00
 2015 007    92    0.0   12.1   13.0   15.9   31.9   0.42   30.2   17.4   23.5   25.7   11.8   23.5   25.7   25.2  399.5   0.00   0.00
 2015 008    93    0.0   12.1   13.0   16.5   32.9   0.40   30.4   17.4   23.6   25.8   11.2   23.6   25.8   19.1  399.5   0.00   0.00
 2015 009    94    0.0   12.1   13.0   12.2   24.5   0.56   30.1   17.8   23.7   25.7   11.7   23.7   25.7   24.1  399.5   0.00   0.00
 2015 010    95    7.4   12.1   13.0   17.0   34.1   0.38   31.8   18.4   24.8   27.0   13.0   24.8   27.0   37.1  399.5   0.00   0.00
 2015 011    96   13.4   12.1   13.0    9.6   19.1   0.65   26.8   17.5   22.0   23.5   14.9   22.0   23.5   16.2  399.5   0.00   0.00
 2015 012    97    2.8   12.1   13.0   11.8   23.5   0.57   28.1   17.1   22.4   24.2   13.8   22.4   24.2    7.2  399.5   0.00   0.00
 2015 013    98    0.0   12.1   13.0   12.5   24.9   0.55   29.3   19.2   24.0   25.7   14.5   24.0   25.7   13.0  399.5   0.00   0.00
 2015 014    99    0.0   12.1   13.0   17.1   34.2   0.38   30.8   18.2   24.2   26.3   11.4   24.2   26.3   20.2  399.5   0.00   0.00
 2015 015   100    0.0   12.1   13.0   15.4   30.8   0.44   31.6   17.2   24.1   26.5   10.2   24.1   26.5   10.1  399.7   0.00   0.00
 2015 016   101    0.0   12.1   13.0   17.2   34.4   0.38   31.1   19.2   24.9   26.9   12.8   24.9   26.9   23.4  399.7   0.00   0.00
 2015 017   102    0.0   12.1   13.0   18.6   37.3   0.33   31.8   17.7   24.5   26.8   10.3   24.5   26.8   22.0  399.7   0.00   0.00
 2015 018   103    0.8   12.1   13.0   16.8   33.6   0.39   31.4   18.8   24.8   26.9   13.3   24.8   26.9   25.9  399.7   0.00   0.00
 2015 019   104    0.0   12.1   13.0   16.5   32.9   0.41   31.1   17.4   24.0   26.2   11.9   24.0   26.2   17.6  399.7   0.00   0.00
 2015 020   105   26.6   12.1   13.0    9.1   18.1   0.67   26.4   16.9   21.5   23.0   14.1   21.5   23.0   14.8  399.7   0.00   0.00
 2015 021   106    0.0   12.1   13.0    9.3   18.6   0.66   26.4   18.4   22.2   23.6   15.3   22.2   23.6   13.3  399.7   0.00   0.00
 2015 022   107    8.2   12.1   13.0    9.4   18.8   0.66   26.7   17.5   21.9   23.4   15.3   21.9   23.4    4.3  399.7   0.00   0.00
 2015 023   108    0.2   12.1   13.0   17.8   35.6   0.36   31.7   15.9   23.5   26.1   11.9   23.5   26.1   11.5  399.7   0.00   0.00
 2015 024   109    2.2   12.1   13.0    9.8   19.5   0.65   27.8   16.3   21.8   23.7   13.6   21.8   23.7   15.1  399.7   0.00   0.00
 2015 025   110    0.8   12.1   13.0    9.2   18.4   0.67   25.6   14.9   20.0   21.8   13.3   20.0   21.8    6.1  399.7   0.00   0.00
 2015 026   111    0.2   12.1   13.0   17.1   34.2   0.39   30.3   15.6   22.7   25.1   12.1   22.7   25.1    8.6  399.7   0.00   0.00
 2015 027   112    0.0   12.1   13.0   21.8   43.5   0.22   32.1   16.0   23.7   26.4   10.3   23.7   26.4   16.9  399.7   0.00   0.00
 2015 028   113    0.0   12.1   13.0   20.9   41.8   0.25   32.8   19.2   25.7   28.0   11.3   25.7   28.0   22.0  399.7   0.00   0.00
 2015 029   114    0.0   12.1   13.0   16.1   32.1   0.43   32.1   17.5   24.5   26.9   11.6   24.5   26.9   13.3  399.7   0.00   0.00
 2015 030   115    0.0   12.1   12.9   15.4   30.9   0.45   31.3   18.4   24.6   26.7   12.6   24.6   26.7   28.1  399.7   0.00   0.00
 2015 031   116    0.0   12.1   12.9   18.7   37.5   0.33   31.4   15.8   23.3   25.8   10.1   23.3   25.8   15.5  399.7   0.00   0.00
 2015 032   117    0.0   12.1   12.9   20.3   40.5   0.28   32.9   16.9   24.6   27.2    9.6   24.6   27.2   16.9  399.7   0.00   0.00
 2015 033   118    0.0   12.1   12.9   18.5   36.9   0.35   32.8   18.8   25.5   27.8   11.4   25.5   27.8   22.7  399.7   0.00   0.00
 2015 034   119    0.0   12.1   12.9   15.9   31.9   0.44   32.7   18.4   25.3   27.6   12.9   25.3   27.6   22.7  399.7   0.00   0.00
 2015 035   120    0.2   12.1   12.9    9.6   19.1   0.66   26.8   17.6   22.0   23.5   13.3   22.0   23.5   24.5  399.7   0.00   0.00
 2015 036   121    0.0   12.1   12.9   18.9   37.8   0.33   32.5   16.3   24.1   26.7   10.1   24.1   26.7   26.6  399.7   0.00   0.00
 2015 037   122    0.0   12.1   12.9   19.0   37.9   0.33   32.8   17.6   24.9   27.4   11.4   24.9   27.4   27.4  399.7   0.00   0.00
 2015 038   123    0.0   12.1   12.9   20.3   40.7   0.28   33.6   17.0   25.0   27.7    9.3   25.0   27.7   25.2  399.7   0.00   0.00
 2015 039   124    1.2   12.1   12.9   13.4   26.7   0.53   32.6   18.8   25.4   27.7   13.6   25.4   27.7   36.4  399.7   0.00   0.00
 2015 040   125    0.0   12.1   12.9   18.8   37.6   0.34   33.8   16.3   24.7   27.6   10.7   24.7   27.6   26.6  399.7   0.00   0.00
 2015 041   126    2.8   12.1   12.9   12.5   25.1   0.56   28.8   16.9   22.6   24.6   12.3   22.6   24.6   30.6  399.7   0.00   0.00
 2015 042   127    0.0   12.1   12.9   17.7   35.4   0.38   32.3   16.8   24.2   26.8   11.3   24.2   26.8   24.8  399.7   0.00   0.00
 2015 043   128    0.0   12.1   12.9   18.3   36.6   0.36   32.8   17.2   24.7   27.2   11.3   24.7   27.2   24.8  399.7   0.00   0.00
 2015 044   129    0.0   12.1   12.9   19.7   39.4   0.31   33.2   16.8   24.7   27.3   10.8   24.7   27.3   36.0  399.7   0.00   0.00
 2015 045   130    0.4   12.1   12.9   15.0   30.0   0.47   32.0   17.8   24.6   26.9   12.5   24.6   26.9   36.0  399.9   0.00   0.00
 2015 046   131    1.8   12.1   12.9   14.9   29.8   0.48   29.8   16.3   22.8   25.0   12.4   22.8   25.0   23.8  399.9   0.00   0.00
 2015 047   132    0.2   12.1   12.9   15.5   31.0   0.46   30.4   17.7   23.8   25.9   12.5   23.8   25.9   13.7  399.9   0.00   0.00
 2015 048   133   20.4   12.1   12.9    6.9   13.9   0.76   29.3   16.3   22.5   24.7   13.8   22.5   24.7   10.8  399.9   0.00   0.00
 2015 049   134    0.0   12.1   12.9   13.0   26.0   0.55   29.0   17.0   22.8   24.7   13.3   22.8   24.7   11.9  399.9   0.00   0.00
 2015 050   135    0.0   12.1   12.9   22.0   44.0   0.23   32.6   17.6   24.8   27.2   11.0   24.8   27.2   18.4  399.9   0.00   0.00
 2015 051   136    0.0   12.1   12.9    9.1   18.3   0.68   23.9   17.6   20.6   21.6   13.8   20.6   21.6   35.3  399.9   0.00   0.00
 2015 052   137    0.8   12.1   12.9   11.8   23.5   0.59   28.1   16.0   21.8   23.8   13.0   21.8   23.8   13.3  399.9   0.00   0.00
 2015 053   138    0.2   12.1   12.9   18.5   37.0   0.36   31.1   16.9   23.7   26.0   13.0   23.7   26.0   20.5  399.9   0.00   0.00
 2015 054   139    7.6   12.1   12.9   11.3   22.6   0.61   31.6   16.7   23.8   26.3   14.2   23.8   26.3   14.0  399.9   0.00   0.00
 2015 055   140    0.6   12.1   12.9    9.0   18.1   0.69   24.1   16.4   20.1   21.3   13.7   20.1   21.3   18.0  399.9   0.00   0.00
 2015 056   141    0.4   12.1   12.9   13.6   27.2   0.53   29.3   16.2   22.5   24.6   13.8   22.5   24.6   18.4  399.9   0.00   0.00
 2015 057   142    0.4   12.1   12.9   18.4   36.7   0.36   30.5   15.3   22.6   25.1   11.6   22.6   25.1   11.5  399.9   0.00   0.00
 2015 058   143    0.8   12.1   12.9   20.8   41.6   0.28   32.9   16.3   24.3   27.0   11.9   24.3   27.0   20.2  399.9   0.00   0.00
 2015 059   144    1.6   12.0   12.9    4.2    8.4   0.85   22.4   16.8   19.5   20.4   14.8   19.5   20.4   17.3  399.9   0.00   0.00
 2015 060   145    0.0   12.0   12.9    9.2   18.4   0.68   27.2   15.9   21.3   23.2   12.2   21.3   23.2   12.2  399.9   0.00   0.00
 2015 061   146    0.0   12.0   12.9   15.7   31.5   0.46   30.9   15.8   23.0   25.5   11.0   23.0   25.5   11.5  399.9   0.00   0.00
 2015 062   147    0.0   12.0   12.9   12.3   24.6   0.57   28.7   17.8   23.0   24.8   12.7   23.0   24.8   24.5  399.9   0.00   0.00
